Cellular Processes	Cell growth and death	22
Cellular Processes	Cell motility	17
Cellular Processes	Cellular community - prokaryotes	46
Cellular Processes	Transport and catabolism	70
Environmental Information Processing	Membrane transport	185
Environmental Information Processing	Signaling molecules and interaction	1
Environmental Information Processing	Signal transduction	53
Genetic Information Processing	Folding, sorting and degradation	60
Genetic Information Processing	Replication and repair	122
Genetic Information Processing	Transcription	85
Genetic Information Processing	Translation	196
Human Diseases	Cancers	10
Human Diseases	Cardiovascular diseases	3
Human Diseases	Drug resistance	38
Human Diseases	Endocrine and metabolic diseases	3
Human Diseases	Immune diseases	1
Human Diseases	Infectious diseases	8
Human Diseases	Neurodegenerative diseases	8
Human Diseases	Substance dependence	1
Metabolism	Amino acid metabolism	223
Metabolism	Biosynthesis of other secondary metabolites	26
Metabolism	Carbohydrate metabolism	176
Metabolism	Energy metabolism	119
Metabolism	Enzyme families	72
Metabolism	Glycan biosynthesis and metabolism	53
Metabolism	Lipid metabolism	65
Metabolism	Metabolism of cofactors and vitamins	121
Metabolism	Metabolism of other amino acids	42
Metabolism	Metabolism of terpenoids and polyketides	26
Metabolism	Nucleotide metabolism	71
Metabolism	Xenobiotics biodegradation and metabolism	28
Organismal Systems	Aging	11
Organismal Systems	Digestive system	1
Organismal Systems	Endocrine system	13
Organismal Systems	Environmental adaptation	1
Organismal Systems	Excretory system	1
Organismal Systems	Immune system	2
Organismal Systems	Nervous system	3
Unclassified	Cellular processes and signaling	95
Unclassified	Genetic information processing	33
Unclassified	Poorly characterized	73
Unclassified	Viral protein family	2
A09100	Metabolism	1
Unclassified	Metabolism	51
