Building DAG of jobs...
Using shell: /usr/bin/bash
Provided cores: 1
Rules claiming more threads will be scaled down.
Job counts:
	count	jobs
	1	all
	1	count_matrix
	1	deseq2
	1	deseq2_init
	1	heatmap_cor_plot
	1	heatmap_plot
	6

rule count_matrix:
    input: outData/htseq/HBR_1_CountNum.txt, outData/htseq/HBR_2_CountNum.txt, outData/htseq/HBR_3_CountNum.txt, outData/htseq/UHR_1_CountNum.txt, outData/htseq/UHR_2_CountNum.txt, outData/htseq/UHR_3_CountNum.txt
    output: outData/counts/all.csv
    jobid: 5

Terminating processes on user request, this might take some time.
    Error in rule count_matrix:
        jobid: 5
        output: outData/counts/all.csv

RuleException:
CalledProcessError in line 9 of /home/liyubing/analysis/7_snakemake/hisat-deseq-go-kegg/pro1/rules/diffexp.smk:
Command ' set -euo pipefail;  /data1/software/miniconda2/envs/py3/bin/python /home/liyubing/analysis/7_snakemake/hisat-deseq-go-kegg/pro1/scripts/.snakemake.wgai60cn.count-matrix.py ' returned non-zero exit status 1.
  File "/home/liyubing/analysis/7_snakemake/hisat-deseq-go-kegg/pro1/rules/diffexp.smk", line 9, in __rule_count_matrix
  File "/data1/software/miniconda2/envs/py3/lib/python3.6/concurrent/futures/thread.py", line 56, in run
Complete log: /home/liyubing/analysis/7_snakemake/hisat-deseq-go-kegg/pro1/.snakemake/log/2018-06-19T154237.257513.snakemake.log
