Building DAG of jobs...
Using shell: /usr/bin/bash
Provided cores: 1
Rules claiming more threads will be scaled down.
Job counts:
	count	jobs
	1	GATK_SelectVariants
	1	all
	2

rule GATK_SelectVariants:
    input: colData.csv
    output: outData/snp/EV_merge.vcf
    jobid: 23
    wildcards: condition=EV

Finished job 23.
1 of 2 steps (50%) done

localrule all:
    input: outData/fastqc_clean/WR180001S_clean_R1_fastqc.zip, outData/fastqc/WR180001S_R1_fastqc.zip, outData/htseq/WR180001S_CountNum.txt, outData/sorted_bam/WR180001S_sorted.bam, outData/stringtie/WR180001S.gtf, outData/snp/WR180001S.samtools.vcf, outData/fastqc_clean/WR180004S_clean_R1_fastqc.zip, outData/fastqc/WR180004S_R1_fastqc.zip, outData/htseq/WR180004S_CountNum.txt, outData/sorted_bam/WR180004S_sorted.bam, outData/stringtie/WR180004S.gtf, outData/snp/WR180004S.samtools.vcf, outData/fastqc_clean/WR180002S_clean_R1_fastqc.zip, outData/fastqc/WR180002S_R1_fastqc.zip, outData/htseq/WR180002S_CountNum.txt, outData/sorted_bam/WR180002S_sorted.bam, outData/stringtie/WR180002S.gtf, outData/snp/WR180002S.samtools.vcf, outData/fastqc_clean/WR180005S_clean_R1_fastqc.zip, outData/fastqc/WR180005S_R1_fastqc.zip, outData/htseq/WR180005S_CountNum.txt, outData/sorted_bam/WR180005S_sorted.bam, outData/stringtie/WR180005S.gtf, outData/snp/WR180005S.samtools.vcf, outData/fastqc_clean/WR180003S_clean_R1_fastqc.zip, outData/fastqc/WR180003S_R1_fastqc.zip, outData/htseq/WR180003S_CountNum.txt, outData/sorted_bam/WR180003S_sorted.bam, outData/stringtie/WR180003S.gtf, outData/snp/WR180003S.samtools.vcf, outData/fastqc_clean/WR180006S_clean_R1_fastqc.zip, outData/fastqc/WR180006S_R1_fastqc.zip, outData/htseq/WR180006S_CountNum.txt, outData/sorted_bam/WR180006S_sorted.bam, outData/stringtie/WR180006S.gtf, outData/snp/WR180006S.samtools.vcf, outData/deseq2/heatmap_cor.png, outData/deseq2/heatmap.png, outData/deseq2/treated-vs-untreated_volcano_plot.png, outData/as/NC_event_count.txt, outData/snp/NC_merge.vcf, outData/as/EV_event_count.txt, outData/snp/EV_merge.vcf
    jobid: 0

Finished job 0.
2 of 2 steps (100%) done
Complete log: /home/liyubing/analysis/7_snakemake/hisat-deseq-go-kegg/pro1/.snakemake/log/2018-07-06T115321.312934.snakemake.log
