Building DAG of jobs...
Using shell: /usr/bin/bash
Provided cores: 1
Rules claiming more threads will be scaled down.
Job counts:
	count	jobs
	1	all
	1	deseq2
	1	deseq2_init
	1	heatmap_cor_plot
	1	heatmap_plot
	5

rule deseq2_init:
    input: outData/counts/all.csv, colData.csv
    output: outData/deseq2/all.rds, outData/deseq2/norm_count.matrix.txt
    log: logs/deseq2/init.log
    jobid: 3

Activating conda environment: /home/liyubing/analysis/7_snakemake/hisat-deseq-go-kegg/pro1/.snakemake/conda/411e3bc9
Finished job 3.
1 of 5 steps (20%) done

rule heatmap_plot:
    input: colData.csv, outData/deseq2/all.rds
    output: outData/deseq2/heatmap.pdf
    log: logs/deseq2/heatmap_plot.log
    jobid: 4

Activating conda environment: /home/liyubing/analysis/7_snakemake/hisat-deseq-go-kegg/pro1/.snakemake/conda/411e3bc9
Finished job 4.
2 of 5 steps (40%) done

rule deseq2:
    input: outData/deseq2/all.rds
    output: outData/deseq2/treated-vs-untreated_all_genes_exprData.txt, outData/deseq2/treated-vs-untreated_sig_genes_exprData.txt, outData/deseq2/treated-vs-untreated_volcano_plot.pdf
    log: logs/deseq2/treated-vs-untreated.diffexp.log
    jobid: 2
    wildcards: contrast=treated-vs-untreated

Activating conda environment: /home/liyubing/analysis/7_snakemake/hisat-deseq-go-kegg/pro1/.snakemake/conda/411e3bc9
    Error in rule deseq2:
        jobid: 2
        output: outData/deseq2/treated-vs-untreated_all_genes_exprData.txt, outData/deseq2/treated-vs-untreated_sig_genes_exprData.txt, outData/deseq2/treated-vs-untreated_volcano_plot.pdf
        log: logs/deseq2/treated-vs-untreated.diffexp.log
        conda-env: /home/liyubing/analysis/7_snakemake/hisat-deseq-go-kegg/pro1/.snakemake/conda/411e3bc9

RuleException:
CalledProcessError in line 75 of /home/liyubing/analysis/7_snakemake/hisat-deseq-go-kegg/pro1/rules/diffexp.smk:
Command 'source activate /home/liyubing/analysis/7_snakemake/hisat-deseq-go-kegg/pro1/.snakemake/conda/411e3bc9; set -euo pipefail;  Rscript /home/liyubing/analysis/7_snakemake/hisat-deseq-go-kegg/pro1/scripts/.snakemake.l_2b7q9o.diffexp.R ' returned non-zero exit status 1.
  File "/home/liyubing/analysis/7_snakemake/hisat-deseq-go-kegg/pro1/rules/diffexp.smk", line 75, in __rule_deseq2
  File "/data1/software/miniconda2/envs/py3/lib/python3.6/concurrent/futures/thread.py", line 56, in run
Removing output files of failed job deseq2 since they might be corrupted:
outData/deseq2/treated-vs-untreated_all_genes_exprData.txt, outData/deseq2/treated-vs-untreated_sig_genes_exprData.txt
Shutting down, this might take some time.
Exiting because a job execution failed. Look above for error message
Complete log: /home/liyubing/analysis/7_snakemake/hisat-deseq-go-kegg/pro1/.snakemake/log/2018-06-19T160119.612495.snakemake.log
