Building DAG of jobs...
Using shell: /usr/bin/bash
Provided cores: 1
Rules claiming more threads will be scaled down.
Job counts:
	count	jobs
	1	all
	2	as
	2	mergelist
	2	stringtie_merge
	7

rule mergelist:
    input: colData.csv
    output: outData/stringtie/mergelist_NC.txt
    jobid: 52
    wildcards: condition=NC

Finished job 52.
1 of 7 steps (14%) done

rule stringtie_merge:
    input: outData/stringtie/mergelist_NC.txt
    output: outData/as/merge_NC.gtf
    jobid: 42
    wildcards: condition=NC

Finished job 42.
2 of 7 steps (29%) done

rule as:
    input: outData/as/merge_NC.gtf
    output: outData/as/NC_event_count.txt
    jobid: 11
    wildcards: condition=NC

Finished job 11.
3 of 7 steps (43%) done

rule mergelist:
    input: colData.csv
    output: outData/stringtie/mergelist_EV.txt
    jobid: 53
    wildcards: condition=EV

Finished job 53.
4 of 7 steps (57%) done

rule stringtie_merge:
    input: outData/stringtie/mergelist_EV.txt
    output: outData/as/merge_EV.gtf
    jobid: 45
    wildcards: condition=EV

Finished job 45.
5 of 7 steps (71%) done

rule as:
    input: outData/as/merge_EV.gtf
    output: outData/as/EV_event_count.txt
    jobid: 16
    wildcards: condition=EV

Finished job 16.
6 of 7 steps (86%) done

localrule all:
    input: outData/fastqc_clean/WR180001S_clean_R1_fastqc.zip, outData/fastqc/WR180001S_R1_fastqc.zip, outData/htseq/WR180001S_CountNum.txt, outData/sorted_bam/WR180001S_sorted.bam, outData/stringtie/WR180001S.gtf, outData/fastqc_clean/WR180004S_clean_R1_fastqc.zip, outData/fastqc/WR180004S_R1_fastqc.zip, outData/htseq/WR180004S_CountNum.txt, outData/sorted_bam/WR180004S_sorted.bam, outData/stringtie/WR180004S.gtf, outData/fastqc_clean/WR180002S_clean_R1_fastqc.zip, outData/fastqc/WR180002S_R1_fastqc.zip, outData/htseq/WR180002S_CountNum.txt, outData/sorted_bam/WR180002S_sorted.bam, outData/stringtie/WR180002S.gtf, outData/fastqc_clean/WR180005S_clean_R1_fastqc.zip, outData/fastqc/WR180005S_R1_fastqc.zip, outData/htseq/WR180005S_CountNum.txt, outData/sorted_bam/WR180005S_sorted.bam, outData/stringtie/WR180005S.gtf, outData/fastqc_clean/WR180003S_clean_R1_fastqc.zip, outData/fastqc/WR180003S_R1_fastqc.zip, outData/htseq/WR180003S_CountNum.txt, outData/sorted_bam/WR180003S_sorted.bam, outData/stringtie/WR180003S.gtf, outData/fastqc_clean/WR180006S_clean_R1_fastqc.zip, outData/fastqc/WR180006S_R1_fastqc.zip, outData/htseq/WR180006S_CountNum.txt, outData/sorted_bam/WR180006S_sorted.bam, outData/stringtie/WR180006S.gtf, outData/deseq2/heatmap_cor.png, outData/deseq2/heatmap.png, outData/deseq2/treated-vs-untreated_volcano_plot.png, outData/as/NC_event_count.txt, outData/as/EV_event_count.txt
    jobid: 0

Finished job 0.
7 of 7 steps (100%) done
Complete log: /home/liyubing/analysis/7_snakemake/hisat-deseq-go-kegg/pro1/.snakemake/log/2018-06-26T161741.812475.snakemake.log
