   SW   perc perc perc  query     position in query           matching       repeat           position in repeat
score   div. del. ins.  sequence  begin   end        (left)   repeat         class/family   begin  end    (left)  ID

   15   27.1  0.0  0.0  unitig_0     2709    2752 (2592757) + (TTC)n         Simple_repeat       1     44    (0)   1  
   14   13.9  3.1  0.0  unitig_0    26708   26739 (2568770) + A-rich         Low_complexity      1     33    (0)   2  
   13   20.4  3.6  5.5  unitig_0    49279   49334 (2546175) + (TTCATC)n      Simple_repeat       1     55    (0)   3  
   11   20.2  2.9  0.0  unitig_0    84422   84455 (2511054) + (TTCTAT)n      Simple_repeat       1     35    (0)   4  
   13   30.2  0.0  3.5  unitig_0    85894   85953 (2509556) + A-rich         Low_complexity      1     58    (0)   5  
   13   15.5  4.1  6.2  unitig_0    88605   88653 (2506856) + (TAATTAA)n     Simple_repeat       1     48    (0)   6  
  194   22.9  2.7  6.9  unitig_0    88703   88777 (2506732) + L3             LINE/CR1         1461   1532 (2567)   7  
   12   18.8  2.6  2.6  unitig_0    89652   89689 (2505820) + (AATATCA)n     Simple_repeat       1     38    (0)   8  
  183   30.2  3.2  0.0  unitig_0   122425  122487 (2473022) + MamRTE1        LINE/RTE-BovB    2161   2225 (1587)   9  
   13   12.2  8.3  0.0  unitig_0   161671  161706 (2433803) + (CCTTTTT)n     Simple_repeat       1     39    (0)  10  
   15   16.6 10.6  0.0  unitig_0   179680  179726 (2415783) + (TA)n          Simple_repeat       1     52    (0)  11  
   16   14.1  5.1  0.0  unitig_0   186929  186967 (2408542) + (CTCAT)n       Simple_repeat       1     41    (0)  12  
  396   20.3  0.0  0.0  unitig_0   199088  199161 (2396348) C tRNA-Tyr-TAC   tRNA              (0)     76      3  13  
  189   32.1  0.0  0.0  unitig_0   214371  214426 (2381083) C L3             LINE/CR1        (900)   3199   3144  14  
  202   27.9  7.4  2.0  unitig_0   222099  222193 (2373316) C MamRTE1        LINE/RTE-BovB  (2788)   1024    925  15  
   11   11.2  6.9  0.0  unitig_0   246606  246634 (2348875) + (TTTATA)n      Simple_repeat       1     31    (0)  16  
  180   18.2  0.0  3.0  unitig_0   287198  287231 (2308278) C OldhAT1        DNA/hAT-Ac      (244)   2604   2572  17  
   14   17.9  0.0  0.0  unitig_0   293187  293218 (2302291) + (ATAATG)n      Simple_repeat       1     32    (0)  18  
   13   19.2  0.0  0.0  unitig_0   315896  315925 (2279584) + (CCAAG)n       Simple_repeat       1     30    (0)  19  
  184    7.1  7.1  0.0  unitig_0   327010  327037 (2268472) + MamRTE1        LINE/RTE-BovB     322    351 (3461)  20  
  195   10.8  0.0  5.4  unitig_0   327232  327270 (2268239) C Penelope1_Vert LINE/Penelope   (240)    847    811  21  
   13   16.9  0.0  5.7  unitig_0   334575  334611 (2260898) + (ATT)n         Simple_repeat       1     35    (0)  22  
   12   28.8  0.0  0.0  unitig_0   342494  342535 (2252974) + (TTTAT)n       Simple_repeat       1     42    (0)  23  
  231   24.0  1.4  4.2  unitig_0   378822  378895 (2216614) + MamRTE1        LINE/RTE-BovB    1877   1948 (1864)  24  
   12   21.6  2.5  2.5  unitig_0   402109  402148 (2193361) + (TTTTA)n       Simple_repeat       1     40    (0)  25  
   12   28.9  4.6  1.5  unitig_0   513962  514026 (2081483) + (TCT)n         Simple_repeat       1     67    (0)  26  
  273   35.4  3.4  0.0  unitig_0   540918  541123 (2054386) C SSU-rRNA_Hsa   rRNA            (159)   1710   1498  27  
  464   30.4  1.3  3.1  unitig_0   541211  541441 (2054068) C SSU-rRNA_Hsa   rRNA            (477)   1392   1166  27  
   16   20.2  2.1  2.1  unitig_0   558127  558173 (2037336) + (TTTTCT)n      Simple_repeat       1     47    (0)  28  
   16   10.1  2.9  2.9  unitig_0   558560  558593 (2036916) + (CTT)n         Simple_repeat       1     34    (0)  29  
  299   17.5  0.0  0.0  unitig_0   604772  604832 (1990677) C tRNA-Arg-CGA   tRNA              (0)     76     16  30  
  737   29.6  4.2  4.4  unitig_0   605201  605585 (1989924) C LSU-rRNA_Hsa   rRNA            (516)   4519   4136  31  
  314   32.7  2.8  8.2  unitig_0   605716  606035 (1989474) C LSU-rRNA_Hsa   rRNA           (1120)   3915   3612  31  
  235   32.1  3.0  2.4  unitig_0   606952  607120 (1988389) C LSU-rRNA_Hsa   rRNA           (3362)   1673   1504  31  
  375   25.2  0.0  0.0  unitig_0   607273  607371 (1988138) C LSU-rRNA_Hsa   rRNA           (4620)    415    317  31  
  296   24.4  0.0  0.0  unitig_0   607567  607648 (1987861) C LSU-rRNA_Hsa   rRNA           (4922)    113     32  31  
  319   33.7  3.9  0.5  unitig_0   608322  608527 (1986982) C SSU-rRNA_Hsa   rRNA            (159)   1710   1498  32  
  501   29.9  1.3  3.1  unitig_0   608615  608845 (1986664) C SSU-rRNA_Hsa   rRNA            (477)   1392   1166  32  
   12    8.9  4.2  0.0  unitig_0   615638  615661 (1979848) + (TATC)n        Simple_repeat       1     25    (0)  33  
  226   23.6  0.0  0.0  unitig_0   664788  664842 (1930667) C tRNA-Gly-GGY   tRNA             (13)     61      7  34  
  250   29.6  0.0  0.0  unitig_0   665054  665134 (1930375) C tRNA-Leu-CTA_  tRNA              (0)     85      5  35  
  320   17.5  0.0  0.0  unitig_0   665305  665361 (1930148) C tRNA-Lys-AAA   tRNA             (12)     64      8  36  
  226   14.5 14.5  0.0  unitig_0   665467  665528 (1929981) C tRNA-Leu-CTA   tRNA              (9)     76      6  37  
  238   20.3  3.4  0.0  unitig_0   665915  665973 (1929536) C tRNA-Asn-AAC   tRNA             (14)     63      3  38  
   12   14.9  3.3  0.0  unitig_0   673657  673686 (1921823) + (GGATTT)n      Simple_repeat       1     31    (0)  39  
   14   13.2  2.9  2.9  unitig_0   681069  681103 (1914406) + A-rich         Low_complexity      1     35    (0)  40  
  326   17.5  0.0  0.0  unitig_0   706440  706496 (1889013) C tRNA-Lys-AAA   tRNA             (12)     64      8  41  
  248   24.7  2.7  0.0  unitig_0   706863  706935 (1888574) C tRNA-Asn-AAC   tRNA              (0)     77      3  42  
  236   23.6  0.0  0.0  unitig_0   706960  707014 (1888495) C tRNA-Gly-GGY   tRNA             (13)     61      7  43  
  326   17.5  0.0  0.0  unitig_0   707117  707173 (1888336) C tRNA-Lys-AAA   tRNA             (12)     64      8  44  
  248   24.7  2.7  0.0  unitig_0   707612  707684 (1887825) C tRNA-Asn-AAC   tRNA              (0)     77      3  45  
  745   30.6  3.1  3.4  unitig_0   708096  708480 (1887029) C LSU-rRNA_Hsa   rRNA            (516)   4519   4136  46  
  327   33.8  3.1  7.9  unitig_0   708574  708930 (1886579) C LSU-rRNA_Hsa   rRNA           (1083)   3952   3612  46  
  230   32.7  3.0  2.4  unitig_0   709847  710015 (1885494) C LSU-rRNA_Hsa   rRNA           (3362)   1673   1504  46  
  373   25.2  0.0  0.0  unitig_0   710168  710266 (1885243) C LSU-rRNA_Hsa   rRNA           (4620)    415    317  47  
  290   24.4  0.0  0.0  unitig_0   710462  710543 (1884966) C LSU-rRNA_Hsa   rRNA           (4922)    113     32  47  
  207   28.6  0.0  0.0  unitig_0   710964  711019 (1884490) C MamSINE1       SINE/tRNA-RTE   (221)     69     14  48  
  327   35.0  3.4  0.0  unitig_0   711234  711439 (1884070) C SSU-rRNA_Hsa   rRNA            (159)   1710   1498  49  
  514   30.4  1.3  3.1  unitig_0   711527  711757 (1883752) C SSU-rRNA_Hsa   rRNA            (477)   1392   1166  49  
  745   30.6  3.1  3.4  unitig_0   713989  714373 (1881136) C LSU-rRNA_Hsa   rRNA            (516)   4519   4136  50  
  327   33.8  3.1  7.9  unitig_0   714467  714823 (1880686) C LSU-rRNA_Hsa   rRNA           (1083)   3952   3612  50  
  240   32.1  3.0  2.4  unitig_0   715740  715908 (1879601) C LSU-rRNA_Hsa   rRNA           (3362)   1673   1504  50  
  373   25.2  0.0  0.0  unitig_0   716061  716159 (1879350) C LSU-rRNA_Hsa   rRNA           (4620)    415    317  50  
  290   24.4  0.0  0.0  unitig_0   716355  716436 (1879073) C LSU-rRNA_Hsa   rRNA           (4922)    113     32  50  
  327   35.0  3.4  0.0  unitig_0   717917  718122 (1877387) C SSU-rRNA_Hsa   rRNA            (159)   1710   1498  51  
  514   30.4  1.3  3.1  unitig_0   718210  718440 (1877069) C SSU-rRNA_Hsa   rRNA            (477)   1392   1166  51  
  227   23.1  0.0  0.0  unitig_0   815657  815708 (1779801) C tRNA-Ile-ATT   tRNA             (18)     59      8  52  
  230   24.0  0.0  2.0  unitig_0   815739  815789 (1779720) C tRNA-Met_      tRNA             (15)     61     12  53  
  745   30.6  3.1  3.4  unitig_0   852757  853141 (1742368) C LSU-rRNA_Hsa   rRNA            (516)   4519   4136  54  
  327   33.8  3.1  7.9  unitig_0   853235  853591 (1741918) C LSU-rRNA_Hsa   rRNA           (1083)   3952   3612  54  
  240   32.1  3.0  2.4  unitig_0   854508  854676 (1740833) C LSU-rRNA_Hsa   rRNA           (3362)   1673   1504  54  
  373   25.2  0.0  0.0  unitig_0   854829  854927 (1740582) C LSU-rRNA_Hsa   rRNA           (4620)    415    317  54  
  290   24.4  0.0  0.0  unitig_0   855123  855204 (1740305) C LSU-rRNA_Hsa   rRNA           (4922)    113     32  54  
  207   28.6  0.0  0.0  unitig_0   855625  855680 (1739829) C MamSINE1       SINE/tRNA-RTE   (221)     69     14  55  
  327   35.0  3.4  0.0  unitig_0   855902  856107 (1739402) C SSU-rRNA_Hsa   rRNA            (159)   1710   1498  56  
  514   30.4  1.3  3.1  unitig_0   856195  856425 (1739084) C SSU-rRNA_Hsa   rRNA            (477)   1392   1166  56  
   15   18.2  2.1  4.3  unitig_0   872870  872916 (1722593) + (ATTT)n        Simple_repeat       1     46    (0)  57  
   16   20.6  0.0  0.0  unitig_0   883473  883511 (1711998) + G-rich         Low_complexity      1     39    (0)  58  
   14   16.8  0.0  9.1  unitig_0   896016  896063 (1699446) + A-rich         Low_complexity      1     44    (0)  59  
  237   19.9  1.1  8.5  unitig_0   897145  897232 (1698277) C tRNA-Ser-AGY   tRNA              (0)     85      4  60  
  245   25.4  0.0  6.3  unitig_0   916909  916992 (1678517) C tRNA-Ser-TCA_  tRNA              (0)     85      7  61  
   12   12.6  0.0  3.7  unitig_0   921739  921766 (1673743) + GA-rich        Low_complexity      1     27    (0)  62  
   16   16.6  0.0  0.0  unitig_0   924362  924388 (1671121) + A-rich         Low_complexity      1     27    (0)  63  
   12    9.1  4.2  0.0  unitig_0   966872  966895 (1628614) + (CTT)n         Simple_repeat       1     25    (0)  64  
   13   24.2  6.9  0.0  unitig_0  1007075 1007132 (1588377) + (GAAGAT)n      Simple_repeat       1     62    (0)  65  
  214   24.4  1.3  7.0  unitig_0  1047375 1047449 (1548060) + X9_LINE        LINE/L1           692    762  (174)  66  
  195   35.3  0.0  0.0  unitig_0  1057133 1057200 (1538309) C L2b            LINE/L2          (63)   3312   3245  67  
   12   18.8  2.6  2.6  unitig_0  1096660 1096697 (1498812) + (AGACGA)n      Simple_repeat       1     38    (0)  68  
   14    4.8  0.0  4.3  unitig_0  1102377 1102400 (1493109) + (AAG)n         Simple_repeat       1     23    (0)  69  
   13   26.0  0.0  0.0  unitig_0  1128799 1128839 (1466670) + (TTGGTG)n      Simple_repeat       1     41    (0)  70  
  181   27.4  0.0  7.3  unitig_0  1131677 1131735 (1463774) + MamRTE1        LINE/RTE-BovB    2372   2426 (1386)  71  
  264   23.4  1.6  0.0  unitig_0  1157388 1157451 (1438058) + tRNA-Thr-ACA   tRNA                5     69    (7)  72  
  200   17.2  0.0  7.3  unitig_0  1160985 1161028 (1434481) C OldhAT1        DNA/hAT-Ac     (1575)   1273   1233  73  
  181   17.6  0.0  5.0  unitig_0  1170107 1170148 (1425361) C X12_LINE       LINE/I-Jockey    (74)    298    259  74  
   22   30.7  1.8  1.2  unitig_0  1170665 1170748 (1424761) + A-rich         Low_complexity      1     84    (0)  75  
  187   22.9  6.2  6.2  unitig_0  1171814 1171878 (1423631) + MamSINE1       SINE/tRNA-RTE       8     72  (218)  76  
   12   12.2  3.7  0.0  unitig_0  1230498 1230524 (1364985) + (TTAT)n        Simple_repeat       1     28    (0)  77  
   12   19.6  3.9  5.9  unitig_0  1255011 1255062 (1340447) + A-rich         Low_complexity      1     51    (0)  78  
  301   24.4  0.0  0.0  unitig_0  1403186 1403267 (1192242) + LSU-rRNA_Hsa   rRNA               32    113 (4922)  79  
  390   25.2  0.0  0.0  unitig_0  1403463 1403561 (1191948) + LSU-rRNA_Hsa   rRNA              317    415 (4620)  79  
  269   32.1  3.0  2.4  unitig_0  1403714 1403882 (1191627) + LSU-rRNA_Hsa   rRNA             1504   1673 (3362)  79  
  391   33.8  3.1  7.9  unitig_0  1404799 1405155 (1190354) + LSU-rRNA_Hsa   rRNA             3612   3952 (1083)  79  
  832   30.9  3.1  3.3  unitig_0  1405249 1405639 (1189870) + LSU-rRNA_Hsa   rRNA             4136   4525  (510)  79  
  296   18.9  0.0  0.0  unitig_0  1405991 1406063 (1189446) + tRNA-Arg-CGA   tRNA                5     76    (0)  80  
  244   23.6  0.0  0.0  unitig_0  1408154 1408208 (1187301) + tRNA-Gly-GGY   tRNA                7     61   (13)  81  
  232   22.3  0.0  1.3  unitig_0  1408394 1408470 (1187039) + tRNA-Asp-GAY   tRNA                1     77    (0)  82  
  246   14.5 14.5  0.0  unitig_0  1408489 1408550 (1186959) + tRNA-Leu-CTA   tRNA                6     76    (9)  83  
  714   34.8  5.9  1.8  unitig_0  1411807 1412330 (1183179) + SSU-rRNA_Hsa   rRNA             1166   1710  (159)  84  
  230   28.0  0.0  1.3  unitig_0  1412557 1412632 (1182877) + tRNA-Ala-GCA   tRNA                1     75    (0)  85  
  301   24.4  0.0  0.0  unitig_0  1413083 1413164 (1182345) + LSU-rRNA_Hsa   rRNA               32    113 (4922)  86  
  390   25.2  0.0  0.0  unitig_0  1413360 1413458 (1182051) + LSU-rRNA_Hsa   rRNA              317    415 (4620)  86  
  269   32.1  3.0  2.4  unitig_0  1413611 1413779 (1181730) + LSU-rRNA_Hsa   rRNA             1504   1673 (3362)  86  
  391   33.8  3.1  7.9  unitig_0  1414696 1415052 (1180457) + LSU-rRNA_Hsa   rRNA             3612   3952 (1083)  86  
  832   30.9  3.1  3.3  unitig_0  1415146 1415536 (1179973) + LSU-rRNA_Hsa   rRNA             4136   4525  (510)  86  
  379   21.9  0.0  0.0  unitig_0  1416388 1416460 (1179049) + tRNA-Tyr-TAC   tRNA                4     76    (0)  87  
  299   26.1  0.0  0.0  unitig_0  1416471 1416539 (1178970) + tRNA-Lys-AAA   tRNA                8     76    (0)  88  
  225   22.8  6.8  5.3  unitig_0  1417101 1417174 (1178335) + tRNA-Cys-TGY   tRNA                1     75    (0)  89  
  296   18.9  0.0  0.0  unitig_0  1417283 1417355 (1178154) + tRNA-Arg-CGA   tRNA                5     76    (0)  90  
   17   17.3  0.0  6.2  unitig_0  1427304 1427354 (1168155) + A-rich         Low_complexity      1     48    (0)  91  
   12   24.5  0.0  2.5  unitig_0  1443308 1443348 (1152161) + (GTGGCG)n      Simple_repeat       1     40    (0)  92  
   11   24.0  2.6  0.0  unitig_0  1453975 1454013 (1141496) + (ACAATAC)n     Simple_repeat       1     40    (0)  93  
   12   18.8  2.6  2.6  unitig_0  1484366 1484403 (1111106) + (GACGAA)n      Simple_repeat       1     38    (0)  94  
  183   24.3  4.7  9.8  unitig_0  1563398 1563461 (1032048) C OldhAT1        DNA/hAT-Ac     (1909)    939    879  95  
   17    4.3  0.0  0.0  unitig_0  1573154 1573177 (1022332) + (TTG)n         Simple_repeat       1     24    (0)  96  
   12   16.4  5.9  0.0  unitig_0  1639583 1639616  (955893) + (AATAA)n       Simple_repeat       1     36    (0)  97  
   12    5.6  0.0  0.0  unitig_0  1639814 1639832  (955677) + (GAA)n         Simple_repeat       1     19    (0)  98  
   12   12.0  3.7  0.0  unitig_0  1680900 1680926  (914583) + A-rich         Low_complexity      1     28    (0)  99  
   13   13.8  1.7  1.7  unitig_0  1694957 1694988  (900521) + A-rich         Low_complexity      1     32    (0) 100  
   12   18.1  2.9 10.9  unitig_0  1729519 1729587  (865922) + A-rich         Low_complexity      1     64    (0) 101  
  183   19.5  0.0  2.8  unitig_0  1745868 1745904  (849605) + L3b            LINE/CR1         5053   5088  (144) 102  
  268   23.4  0.2  0.0  unitig_0  1754372 1754436  (841073) + tRNA-Gly-GGG   tRNA                3     68    (7) 103  
  229   15.8 17.5  0.0  unitig_0  1762242 1762298  (833211) C tRNA-Ser-TCA_  tRNA             (11)     74      8 104  
   11   15.4  8.9  2.1  unitig_0  1765153 1765197  (830312) + (AAGTGA)n      Simple_repeat       1     48    (0) 105  
   12   16.9  2.9  2.9  unitig_0  1773802 1773836  (821673) + (AAC)n         Simple_repeat       1     35    (0) 106  
  242   11.7  9.4  6.1  unitig_0  1777346 1777409  (818100) + MamSINE1       SINE/tRNA-RTE      14     79  (211) 107  
   16   19.9  2.9  0.0  unitig_0  1795532 1795566  (799943) + (AT)n          Simple_repeat       1     36    (0) 108  
   12   20.3  0.0  7.1  unitig_0  1823548 1823592  (771917) + (TTTTTG)n      Simple_repeat       1     42    (0) 109  
   13   17.8  5.3  0.0  unitig_0  1836455 1836492  (759017) + A-rich         Low_complexity      1     40    (0) 110  
   13   18.9  2.8  0.0  unitig_0  1849209 1849244  (746265) + (TGAAGG)n      Simple_repeat       1     37    (0) 111  
   15   20.1  0.0  0.0  unitig_0  1854849 1854882  (740627) + (GTG)n         Simple_repeat       1     34    (0) 112  
   12   21.8  0.0  6.7  unitig_0  1888191 1888238  (707271) + (CGGTGG)n      Simple_repeat       1     45    (0) 113  
   25   10.1  1.6  8.5  unitig_0  1937646 1937708  (657801) + (GAT)n         Simple_repeat       1     59    (0) 114  
   11   13.6  2.8  5.7  unitig_0  1955869 1955904  (639605) + (ATCCGG)n      Simple_repeat       1     35    (0) 115  
   13    9.6  5.3  5.3  unitig_0  1957586 1957623  (637886) + (AAGTGA)n      Simple_repeat       1     38    (0) 116  
   14   15.8  7.1  0.0  unitig_0  1960342 1960383  (635126) + (ATGCCG)n      Simple_repeat       1     45    (0) 117  
  280   24.4  0.0  0.0  unitig_0  1982302 1982383  (613126) + LSU-rRNA_Hsa   rRNA               32    113 (4922) 118  
  359   25.2  0.0  0.0  unitig_0  1982579 1982677  (612832) + LSU-rRNA_Hsa   rRNA              317    415 (4620) 118  
  283   28.5  2.4 10.2  unitig_0  1983915 1984125  (611384) + LSU-rRNA_Hsa   rRNA             3612   3807 (1228) 119  
  664   30.6  3.1  3.4  unitig_0  1984365 1984749  (610760) + LSU-rRNA_Hsa   rRNA             4136   4519  (516) 119  
  464   30.4  1.3  3.1  unitig_0  2003820 2004050  (591459) + SSU-rRNA_Hsa   rRNA             1166   1392  (477) 120  
  273   35.4  3.4  0.0  unitig_0  2004138 2004343  (591166) + SSU-rRNA_Hsa   rRNA             1498   1710  (159) 120  
   16   17.0  5.0  0.0  unitig_0  2004710 2004749  (590760) + GA-rich        Low_complexity      1     42    (0) 121  
   15   31.1  0.0  0.0  unitig_0  2011291 2011345  (584164) + (GAAGAT)n      Simple_repeat       1     55    (0) 122  
   20   28.8  0.0  0.0  unitig_0  2031722 2031784  (563725) + G-rich         Low_complexity      1     63    (0) 123  
   13   15.4  0.0  3.3  unitig_0  2033780 2033810  (561699) + (ATATT)n       Simple_repeat       1     30    (0) 124  
   12   20.3  6.7  0.0  unitig_0  2071737 2071781  (523728) + (GGAACC)n      Simple_repeat       1     48    (0) 125  
   12   22.1  0.0  0.0  unitig_0  2111831 2111862  (483647) + A-rich         Low_complexity      1     32    (0) 126  
  202   16.6 12.5  3.3  unitig_0  2156058 2156113  (439396) C MamRTE1        LINE/RTE-BovB  (1061)   2751   2691 127  
   12   25.3  2.4  0.0  unitig_0  2181376 2181417  (414092) + (TTATAA)n      Simple_repeat       1     43    (0) 128  
   12   30.3  0.0  3.7  unitig_0  2184538 2184593  (410916) + GA-rich        Low_complexity      1     54    (0) 129  
   17   22.0  3.8  0.0  unitig_0  2188314 2188366  (407143) + A-rich         Low_complexity      1     55    (0) 130  
   14   19.4  2.3  2.3  unitig_0  2190634 2190676  (404833) + (GATGAA)n      Simple_repeat       1     43    (0) 131  
   16   19.2  0.0  0.0  unitig_0  2191273 2191308  (404201) + (ATAA)n        Simple_repeat       1     36    (0) 132  
   12   14.9  3.7  9.8  unitig_0  2194951 2195004  (400505) + (ACAA)n        Simple_repeat       1     51    (0) 133  
   14    7.3  6.9  0.0  unitig_0  2210910 2210938  (384571) + (TTTTAA)n      Simple_repeat       1     31    (0) 134  
   15   25.9  3.1  3.1  unitig_0  2221795 2221858  (373651) + (TAA)n         Simple_repeat       1     64    (0) 135  
   13   20.4  4.3  2.1  unitig_0  2239359 2239405  (356104) + (AATTAT)n      Simple_repeat       1     48    (0) 136  
   14   14.1  7.7  0.0  unitig_0  2259098 2259136  (336373) + A-rich         Low_complexity      1     42    (0) 137  
   16    3.2  5.6  5.6  unitig_0  2277171 2277206  (318303) + (GGAACCC)n     Simple_repeat       1     36    (0) 138  
  190   22.9  9.5  3.0  unitig_0  2301984 2302046  (293463) C L3             LINE/CR1       (1432)   2667   2601 139  
   17   10.8  7.5  0.0  unitig_0  2315762 2315801  (279708) + (ATATA)n       Simple_repeat       1     43    (0) 140  
   13   21.9  1.9  5.9  unitig_0  2342734 2342786  (252723) + (TCAGC)n       Simple_repeat       1     51    (0) 141  
   15    0.0  3.9  3.9  unitig_0  2376709 2376734  (218775) + (ATCGG)n       Simple_repeat       1     26    (0) 142  
   13    4.0  7.7  0.0  unitig_0  2396805 2396830  (198679) + (CATCA)n       Simple_repeat       1     28    (0) 143  
   13   14.4  2.3  7.1  unitig_0  2433045 2433088  (162421) + (CTCCAACA)n    Simple_repeat       1     42    (0) 144  
   16   11.0  4.7  4.7  unitig_0  2435460 2435512  (159997) + (AACAA)n       Simple_repeat       1     53    (0) 145  
   12   19.4  0.0  5.4  unitig_0  2437885 2437923  (157586) + A-rich         Low_complexity      1     37    (0) 146  
   13   12.4  8.6  0.0  unitig_0  2524522 2524556   (70953) + (TTC)n         Simple_repeat       1     38    (0) 147  
   17   12.0  2.6  2.6  unitig_0  2543995 2544032   (51477) + (CTCCGC)n      Simple_repeat       1     38    (0) 148  
   12    5.0  0.0  4.5  unitig_0  2574612 2574634   (20875) + (CAAA)n        Simple_repeat       1     22    (0) 149  
   15   27.1  0.0  0.0  unitig_0  2589828 2589871    (5638) + (TTC)n         Simple_repeat       1     44    (0) 150  
