Building DAG of jobs...
Using shell: /usr/bin/bash
Provided cores: 1
Rules claiming more threads will be scaled down.
Job counts:
	count	jobs
	1	all
	6	stringtie
	7

rule stringtie:
    input: outData/sorted_bam/UHR_1_sorted.bam
    output: outData/stringtie/UHR_1.gtf
    jobid: 11
    wildcards: sample=UHR_1

    Error in rule stringtie:
        jobid: 11
        output: outData/stringtie/UHR_1.gtf

RuleException:
CalledProcessError in line 4 of /home/liyubing/analysis/7_snakemake/hisat-deseq-go-kegg/pro1/rules/stringtie_as.smk:
Command ' set -euo pipefail;  
             stringtie outData/sorted_bam/UHR_1_sorted.bam -p 10 -o outData/stringtie/UHR_1.gtf -G config["ref"]["gtf"] -l UHR_1 ' returned non-zero exit status 1.
  File "/home/liyubing/analysis/7_snakemake/hisat-deseq-go-kegg/pro1/rules/stringtie_as.smk", line 4, in __rule_stringtie
  File "/data1/software/miniconda2/envs/py3/lib/python3.6/concurrent/futures/thread.py", line 56, in run
Shutting down, this might take some time.
Exiting because a job execution failed. Look above for error message
Complete log: /home/liyubing/analysis/7_snakemake/hisat-deseq-go-kegg/pro1/.snakemake/log/2018-06-20T151649.464771.snakemake.log
