Building DAG of jobs...
Using shell: /usr/bin/bash
Provided cores: 1
Rules claiming more threads will be scaled down.
Job counts:
	count	jobs
	1	all
	1	count_matrix
	1	deseq2
	1	deseq2_init
	1	heatmap_cor_plot
	1	heatmap_plot
	6

rule count_matrix:
    input: outData/htseq/WR180001S_CountNum.txt, outData/htseq/WR180004S_CountNum.txt, outData/htseq/WR180002S_CountNum.txt, outData/htseq/WR180005S_CountNum.txt, outData/htseq/WR180003S_CountNum.txt, outData/htseq/WR180006S_CountNum.txt
    output: outData/counts/all.csv
    jobid: 52

Finished job 52.
1 of 6 steps (17%) done

rule deseq2_init:
    input: outData/counts/all.csv, colData.csv
    output: outData/deseq2/all.rds, outData/deseq2/norm_count.matrix.txt
    log: logs/deseq2/init.log
    jobid: 43

Activating conda environment: /home/liyubing/analysis/7_snakemake/hisat-deseq-go-kegg/pro1/.snakemake/conda/411e3bc9
Terminating processes on user request, this might take some time.
    Error in rule deseq2_init:
        jobid: 43
        output: outData/deseq2/all.rds, outData/deseq2/norm_count.matrix.txt
        log: logs/deseq2/init.log
        conda-env: /home/liyubing/analysis/7_snakemake/hisat-deseq-go-kegg/pro1/.snakemake/conda/411e3bc9

RuleException:
CalledProcessError in line 29 of /home/liyubing/analysis/7_snakemake/hisat-deseq-go-kegg/pro1/rules/diffexp.smk:
Command 'source activate /home/liyubing/analysis/7_snakemake/hisat-deseq-go-kegg/pro1/.snakemake/conda/411e3bc9; set -euo pipefail;  Rscript /home/liyubing/analysis/7_snakemake/hisat-deseq-go-kegg/pro1/scripts/.snakemake.y2tiyn6f.deseq2-init.R ' returned non-zero exit status 1.
  File "/home/liyubing/analysis/7_snakemake/hisat-deseq-go-kegg/pro1/rules/diffexp.smk", line 29, in __rule_deseq2_init
  File "/data1/software/miniconda2/envs/py3/lib/python3.6/concurrent/futures/thread.py", line 56, in run
Complete log: /home/liyubing/analysis/7_snakemake/hisat-deseq-go-kegg/pro1/.snakemake/log/2018-06-26T161201.619189.snakemake.log
