Building DAG of jobs...
Using shell: /usr/bin/bash
Provided cores: 1
Rules claiming more threads will be scaled down.
Job counts:
	count	jobs
	1	all
	1	deseq2
	1	deseq2_init
	1	heatmap_cor_plot
	1	heatmap_plot
	5

rule deseq2_init:
    input: outData/counts/all.csv, colData.csv
    output: outData/deseq2/all.rds, outData/deseq2/norm_count.matrix.txt
    log: logs/deseq2/init.log
    jobid: 36

Activating conda environment: /home/liyubing/analysis/7_snakemake/hisat-deseq-go-kegg/pro1/.snakemake/conda/411e3bc9
Finished job 36.
1 of 5 steps (20%) done

rule heatmap_plot:
    input: colData.csv, outData/deseq2/all.rds
    output: outData/deseq2/heatmap.png
    log: logs/deseq2/heatmap_plot.log
    jobid: 1

Activating conda environment: /home/liyubing/analysis/7_snakemake/hisat-deseq-go-kegg/pro1/.snakemake/conda/411e3bc9
    Error in rule heatmap_plot:
        jobid: 1
        output: outData/deseq2/heatmap.png
        log: logs/deseq2/heatmap_plot.log
        conda-env: /home/liyubing/analysis/7_snakemake/hisat-deseq-go-kegg/pro1/.snakemake/conda/411e3bc9

RuleException:
CalledProcessError in line 55 of /home/liyubing/analysis/7_snakemake/hisat-deseq-go-kegg/pro1/rules/diffexp.smk:
Command 'source activate /home/liyubing/analysis/7_snakemake/hisat-deseq-go-kegg/pro1/.snakemake/conda/411e3bc9; set -euo pipefail;  Rscript /home/liyubing/analysis/7_snakemake/hisat-deseq-go-kegg/pro1/scripts/.snakemake.9chzdnmp.heatmap_plot.R ' returned non-zero exit status 1.
  File "/home/liyubing/analysis/7_snakemake/hisat-deseq-go-kegg/pro1/rules/diffexp.smk", line 55, in __rule_heatmap_plot
  File "/data1/software/miniconda2/envs/py3/lib/python3.6/concurrent/futures/thread.py", line 56, in run
Shutting down, this might take some time.
Exiting because a job execution failed. Look above for error message
Complete log: /home/liyubing/analysis/7_snakemake/hisat-deseq-go-kegg/pro1/.snakemake/log/2018-06-20T165853.644564.snakemake.log
