Building DAG of jobs...
Using shell: /usr/bin/bash
Provided cores: 1
Rules claiming more threads will be scaled down.
Job counts:
	count	jobs
	1	all
	1	deseq2
	2

rule deseq2:
    input: outData/deseq2/all.rds
    output: outData/deseq2/treated-vs-untreated_all_genes_exprData.txt, outData/deseq2/treated-vs-untreated_sig_genes_exprData.txt, outData/deseq2/treated-vs-untreated_volcano_plot.pdf
    log: logs/deseq2/treated-vs-untreated.diffexp.log
    jobid: 25
    wildcards: contrast=treated-vs-untreated

Activating conda environment: /home/liyubing/analysis/7_snakemake/hisat-deseq-go-kegg/pro1/.snakemake/conda/411e3bc9
Finished job 25.
1 of 2 steps (50%) done

localrule all:
    input: outData/fastqc_clean/HBR_1_clean_R1_fastqc.zip, outData/fastqc/HBR_1_R1_fastqc.zip, outData/htseq/HBR_1_CountNum.txt, outData/sorted_bam/HBR_1_sorted.bam, outData/fastqc_clean/HBR_2_clean_R1_fastqc.zip, outData/fastqc/HBR_2_R1_fastqc.zip, outData/htseq/HBR_2_CountNum.txt, outData/sorted_bam/HBR_2_sorted.bam, outData/fastqc_clean/HBR_3_clean_R1_fastqc.zip, outData/fastqc/HBR_3_R1_fastqc.zip, outData/htseq/HBR_3_CountNum.txt, outData/sorted_bam/HBR_3_sorted.bam, outData/fastqc_clean/UHR_1_clean_R1_fastqc.zip, outData/fastqc/UHR_1_R1_fastqc.zip, outData/htseq/UHR_1_CountNum.txt, outData/sorted_bam/UHR_1_sorted.bam, outData/fastqc_clean/UHR_2_clean_R1_fastqc.zip, outData/fastqc/UHR_2_R1_fastqc.zip, outData/htseq/UHR_2_CountNum.txt, outData/sorted_bam/UHR_2_sorted.bam, outData/fastqc_clean/UHR_3_clean_R1_fastqc.zip, outData/fastqc/UHR_3_R1_fastqc.zip, outData/htseq/UHR_3_CountNum.txt, outData/sorted_bam/UHR_3_sorted.bam, outData/deseq2/heatmap_cor.pdf, outData/deseq2/heatmap.pdf, outData/deseq2/treated-vs-untreated_volcano_plot.pdf
    jobid: 0

Finished job 0.
2 of 2 steps (100%) done
Complete log: /home/liyubing/analysis/7_snakemake/hisat-deseq-go-kegg/pro1/.snakemake/log/2018-06-20T141457.303366.snakemake.log
