Building DAG of jobs...
Using shell: /usr/bin/bash
Provided cores: 1
Rules claiming more threads will be scaled down.
Job counts:
	count	jobs
	1	all
	1	count_matrix
	1	deseq2
	1	deseq2_init
	1	heatmap_cor_plot
	1	heatmap_plot
	6

rule count_matrix:
    input: outData/htseq/HBR_1_CountNum.txt, outData/htseq/HBR_2_CountNum.txt, outData/htseq/HBR_3_CountNum.txt, outData/htseq/UHR_1_CountNum.txt, outData/htseq/UHR_2_CountNum.txt, outData/htseq/UHR_3_CountNum.txt
    output: outData/counts/all.csv
    jobid: 5

Finished job 5.
1 of 6 steps (17%) done

rule deseq2_init:
    input: outData/counts/all.csv, colData.csv
    output: outData/deseq2/all.rds, outData/deseq2/norm_count.matrix.txt
    log: logs/deseq2/init.log
    jobid: 2

Activating conda environment: /home/liyubing/analysis/7_snakemake/hisat-deseq-go-kegg/pro1/.snakemake/conda/411e3bc9
Finished job 2.
2 of 6 steps (33%) done

rule heatmap_plot:
    input: colData.csv, outData/deseq2/all.rds
    output: outData/deseq2/heatmap.pdf
    log: logs/deseq2/heatmap_plot.log
    jobid: 3

Activating conda environment: /home/liyubing/analysis/7_snakemake/hisat-deseq-go-kegg/pro1/.snakemake/conda/411e3bc9
Finished job 3.
3 of 6 steps (50%) done

rule deseq2:
    input: outData/deseq2/all.rds
    output: outData/deseq2/treated-vs-untreated_all_genes_exprData.txt, outData/deseq2/treated-vs-untreated_sig_genes_exprData.txt
    log: logs/deseq2/treated-vs-untreated.diffexp.log
    jobid: 1
    wildcards: contrast=treated-vs-untreated

Activating conda environment: /home/liyubing/analysis/7_snakemake/hisat-deseq-go-kegg/pro1/.snakemake/conda/411e3bc9
Finished job 1.
4 of 6 steps (67%) done

rule heatmap_cor_plot:
    input: colData.csv, outData/deseq2/norm_count.matrix.txt
    output: outData/deseq2/heatmap_cor.pdf
    log: logs/deseq2/heatmap_cor_plot.log
    jobid: 4

Activating conda environment: /home/liyubing/analysis/7_snakemake/hisat-deseq-go-kegg/pro1/.snakemake/conda/411e3bc9
Finished job 4.
5 of 6 steps (83%) done

localrule all:
    input: outData/deseq2/all.rds, outData/deseq2/heatmap_cor.pdf, outData/deseq2/heatmap.pdf, outData/deseq2/treated-vs-untreated_all_genes_exprData.txt
    jobid: 0

Finished job 0.
6 of 6 steps (100%) done
Complete log: /home/liyubing/analysis/7_snakemake/hisat-deseq-go-kegg/pro1/.snakemake/log/2018-06-19T154305.527926.snakemake.log
