Building DAG of jobs...
Using shell: /usr/bin/bash
Provided cores: 1
Rules claiming more threads will be scaled down.
Job counts:
	count	jobs
	1	all
	1	deseq2
	1	deseq2_init
	1	heatmap_cor_plot
	1	heatmap_plot
	5

rule deseq2_init:
    input: outData/counts/all.csv, colData.csv
    output: outData/deseq2/all.rds, outData/deseq2/norm_count.matrix.txt
    log: logs/deseq2/init.log
    jobid: 46

Activating conda environment: /home/liyubing/analysis/7_snakemake/hisat-deseq-go-kegg/pro1/.snakemake/conda/411e3bc9
Finished job 46.
1 of 5 steps (20%) done

rule heatmap_plot:
    input: colData.csv, outData/deseq2/all.rds
    output: outData/deseq2/heatmap.png
    log: logs/deseq2/heatmap_plot.log
    jobid: 23

Activating conda environment: /home/liyubing/analysis/7_snakemake/hisat-deseq-go-kegg/pro1/.snakemake/conda/411e3bc9
Finished job 23.
2 of 5 steps (40%) done

rule deseq2:
    input: outData/deseq2/all.rds
    output: outData/deseq2/treated-vs-untreated_all_genes_exprData.txt, outData/deseq2/treated-vs-untreated_sig_genes_exprData.txt, outData/deseq2/treated-vs-untreated_volcano_plot.png
    log: logs/deseq2/treated-vs-untreated.diffexp.log
    jobid: 20
    wildcards: contrast=treated-vs-untreated

Activating conda environment: /home/liyubing/analysis/7_snakemake/hisat-deseq-go-kegg/pro1/.snakemake/conda/411e3bc9
Finished job 20.
3 of 5 steps (60%) done

rule heatmap_cor_plot:
    input: colData.csv, outData/deseq2/norm_count.matrix.txt
    output: outData/deseq2/heatmap_cor.png
    log: logs/deseq2/heatmap_cor_plot.log
    jobid: 18

Activating conda environment: /home/liyubing/analysis/7_snakemake/hisat-deseq-go-kegg/pro1/.snakemake/conda/411e3bc9
Finished job 18.
4 of 5 steps (80%) done

localrule all:
    input: outData/fastqc_clean/WR180001S_clean_R1_fastqc.zip, outData/fastqc/WR180001S_R1_fastqc.zip, outData/htseq/WR180001S_CountNum.txt, outData/sorted_bam/WR180001S_sorted.bam, outData/stringtie/WR180001S.gtf, outData/fastqc_clean/WR180004S_clean_R1_fastqc.zip, outData/fastqc/WR180004S_R1_fastqc.zip, outData/htseq/WR180004S_CountNum.txt, outData/sorted_bam/WR180004S_sorted.bam, outData/stringtie/WR180004S.gtf, outData/fastqc_clean/WR180002S_clean_R1_fastqc.zip, outData/fastqc/WR180002S_R1_fastqc.zip, outData/htseq/WR180002S_CountNum.txt, outData/sorted_bam/WR180002S_sorted.bam, outData/stringtie/WR180002S.gtf, outData/fastqc_clean/WR180005S_clean_R1_fastqc.zip, outData/fastqc/WR180005S_R1_fastqc.zip, outData/htseq/WR180005S_CountNum.txt, outData/sorted_bam/WR180005S_sorted.bam, outData/stringtie/WR180005S.gtf, outData/fastqc_clean/WR180003S_clean_R1_fastqc.zip, outData/fastqc/WR180003S_R1_fastqc.zip, outData/htseq/WR180003S_CountNum.txt, outData/sorted_bam/WR180003S_sorted.bam, outData/stringtie/WR180003S.gtf, outData/fastqc_clean/WR180006S_clean_R1_fastqc.zip, outData/fastqc/WR180006S_R1_fastqc.zip, outData/htseq/WR180006S_CountNum.txt, outData/sorted_bam/WR180006S_sorted.bam, outData/stringtie/WR180006S.gtf, outData/deseq2/heatmap_cor.png, outData/deseq2/heatmap.png, outData/deseq2/treated-vs-untreated_volcano_plot.png, outData/as/NC_event_count.txt, outData/as/EV_event_count.txt
    jobid: 0

Finished job 0.
5 of 5 steps (100%) done
Complete log: /home/liyubing/analysis/7_snakemake/hisat-deseq-go-kegg/pro1/.snakemake/log/2018-06-26T161516.195354.snakemake.log
