Building DAG of jobs...
Using shell: /usr/bin/bash
Provided cores: 1
Rules claiming more threads will be scaled down.
Job counts:
	count	jobs
	1	all
	6	samtools_mpileup
	7

rule samtools_mpileup:
    input: outData/sorted_bam/WR180004S_sorted.bam
    output: outData/snp/WR180004S.samtools.vcf
    jobid: 26
    wildcards: sample=WR180004S

Finished job 26.
1 of 7 steps (14%) done

rule samtools_mpileup:
    input: outData/sorted_bam/WR180006S_sorted.bam
    output: outData/snp/WR180006S.samtools.vcf
    jobid: 4
    wildcards: sample=WR180006S

Finished job 4.
2 of 7 steps (29%) done

rule samtools_mpileup:
    input: outData/sorted_bam/WR180005S_sorted.bam
    output: outData/snp/WR180005S.samtools.vcf
    jobid: 40
    wildcards: sample=WR180005S

Finished job 40.
3 of 7 steps (43%) done

rule samtools_mpileup:
    input: outData/sorted_bam/WR180002S_sorted.bam
    output: outData/snp/WR180002S.samtools.vcf
    jobid: 39
    wildcards: sample=WR180002S

Finished job 39.
4 of 7 steps (57%) done

rule samtools_mpileup:
    input: outData/sorted_bam/WR180003S_sorted.bam
    output: outData/snp/WR180003S.samtools.vcf
    jobid: 37
    wildcards: sample=WR180003S

Finished job 37.
5 of 7 steps (71%) done

rule samtools_mpileup:
    input: outData/sorted_bam/WR180001S_sorted.bam
    output: outData/snp/WR180001S.samtools.vcf
    jobid: 29
    wildcards: sample=WR180001S

Finished job 29.
6 of 7 steps (86%) done

localrule all:
    input: outData/fastqc_clean/WR180001S_clean_R1_fastqc.zip, outData/fastqc/WR180001S_R1_fastqc.zip, outData/htseq/WR180001S_CountNum.txt, outData/sorted_bam/WR180001S_sorted.bam, outData/stringtie/WR180001S.gtf, outData/snp/WR180001S.samtools.vcf, outData/fastqc_clean/WR180004S_clean_R1_fastqc.zip, outData/fastqc/WR180004S_R1_fastqc.zip, outData/htseq/WR180004S_CountNum.txt, outData/sorted_bam/WR180004S_sorted.bam, outData/stringtie/WR180004S.gtf, outData/snp/WR180004S.samtools.vcf, outData/fastqc_clean/WR180002S_clean_R1_fastqc.zip, outData/fastqc/WR180002S_R1_fastqc.zip, outData/htseq/WR180002S_CountNum.txt, outData/sorted_bam/WR180002S_sorted.bam, outData/stringtie/WR180002S.gtf, outData/snp/WR180002S.samtools.vcf, outData/fastqc_clean/WR180005S_clean_R1_fastqc.zip, outData/fastqc/WR180005S_R1_fastqc.zip, outData/htseq/WR180005S_CountNum.txt, outData/sorted_bam/WR180005S_sorted.bam, outData/stringtie/WR180005S.gtf, outData/snp/WR180005S.samtools.vcf, outData/fastqc_clean/WR180003S_clean_R1_fastqc.zip, outData/fastqc/WR180003S_R1_fastqc.zip, outData/htseq/WR180003S_CountNum.txt, outData/sorted_bam/WR180003S_sorted.bam, outData/stringtie/WR180003S.gtf, outData/snp/WR180003S.samtools.vcf, outData/fastqc_clean/WR180006S_clean_R1_fastqc.zip, outData/fastqc/WR180006S_R1_fastqc.zip, outData/htseq/WR180006S_CountNum.txt, outData/sorted_bam/WR180006S_sorted.bam, outData/stringtie/WR180006S.gtf, outData/snp/WR180006S.samtools.vcf, outData/deseq2/heatmap_cor.png, outData/deseq2/heatmap.png, outData/deseq2/treated-vs-untreated_volcano_plot.png, outData/as/NC_event_count.txt, outData/as/EV_event_count.txt
    jobid: 0

Finished job 0.
7 of 7 steps (100%) done
Complete log: /home/liyubing/analysis/7_snakemake/hisat-deseq-go-kegg/pro1/.snakemake/log/2018-06-26T162732.282092.snakemake.log
