Building DAG of jobs...
Using shell: /usr/bin/bash
Provided cores: 1
Rules claiming more threads will be scaled down.
Job counts:
	count	jobs
	2	GATK_SelectVariants
	1	all
	3

rule GATK_SelectVariants:
    input: colData.csv
    output: outData/snp/NC_merge.vcf
    jobid: 1
    wildcards: condition=NC

Finished job 1.
1 of 3 steps (33%) done

rule GATK_SelectVariants:
    input: colData.csv
    output: outData/snp/EV_merge.vcf
    jobid: 37
    wildcards: condition=EV

Shutting down, this might take some time.
Exiting because a job execution failed. Look above for error message
Complete log: /home/liyubing/analysis/7_snakemake/hisat-deseq-go-kegg/pro1/.snakemake/log/2018-07-04T173346.572140.snakemake.log
