Loading required package: S4Vectors
Loading required package: stats4
Loading required package: BiocGenerics
Loading required package: parallel

Attaching package: ‘BiocGenerics’

The following objects are masked from ‘package:parallel’:

    clusterApply, clusterApplyLB, clusterCall, clusterEvalQ,
    clusterExport, clusterMap, parApply, parCapply, parLapply,
    parLapplyLB, parRapply, parSapply, parSapplyLB

The following objects are masked from ‘package:stats’:

    IQR, mad, sd, var, xtabs

The following objects are masked from ‘package:base’:

    anyDuplicated, append, as.data.frame, cbind, colMeans, colnames,
    colSums, do.call, duplicated, eval, evalq, Filter, Find, get, grep,
    grepl, intersect, is.unsorted, lapply, lengths, Map, mapply, match,
    mget, order, paste, pmax, pmax.int, pmin, pmin.int, Position, rank,
    rbind, Reduce, rowMeans, rownames, rowSums, sapply, setdiff, sort,
    table, tapply, union, unique, unsplit, which, which.max, which.min


Attaching package: ‘S4Vectors’

The following object is masked from ‘package:base’:

    expand.grid

Loading required package: IRanges
Loading required package: GenomicRanges
Loading required package: GenomeInfoDb
Loading required package: SummarizedExperiment
Loading required package: Biobase
Welcome to Bioconductor

    Vignettes contain introductory material; view with
    'browseVignettes()'. To cite Bioconductor, see
    'citation("Biobase")', and for packages 'citation("pkgname")'.

Loading required package: DelayedArray
Loading required package: matrixStats

Attaching package: ‘matrixStats’

The following objects are masked from ‘package:Biobase’:

    anyMissing, rowMedians


Attaching package: ‘DelayedArray’

The following objects are masked from ‘package:matrixStats’:

    colMaxs, colMins, colRanges, rowMaxs, rowMins, rowRanges

The following object is masked from ‘package:base’:

    apply


Attaching package: ‘dplyr’

The following object is masked from ‘package:matrixStats’:

    count

The following object is masked from ‘package:Biobase’:

    combine

The following objects are masked from ‘package:GenomicRanges’:

    intersect, setdiff, union

The following object is masked from ‘package:GenomeInfoDb’:

    intersect

The following objects are masked from ‘package:IRanges’:

    collapse, desc, intersect, setdiff, slice, union

The following objects are masked from ‘package:S4Vectors’:

    first, intersect, rename, setdiff, setequal, union

The following objects are masked from ‘package:BiocGenerics’:

    combine, intersect, setdiff, union

The following objects are masked from ‘package:stats’:

    filter, lag

The following objects are masked from ‘package:base’:

    intersect, setdiff, setequal, union

Warning message:
In rm(p) : object 'p' not found
Warning messages:
1: In structure(NULL, class = "waiver") :
  Calling 'structure(NULL, *)' is deprecated, as NULL cannot have attributes.
  Consider 'structure(list(), *)' instead.
2: In structure(NULL, class = "waiver") :
  Calling 'structure(NULL, *)' is deprecated, as NULL cannot have attributes.
  Consider 'structure(list(), *)' instead.
3: In structure(NULL, class = "waiver") :
  Calling 'structure(NULL, *)' is deprecated, as NULL cannot have attributes.
  Consider 'structure(list(), *)' instead.
4: In structure(NULL, class = "waiver") :
  Calling 'structure(NULL, *)' is deprecated, as NULL cannot have attributes.
  Consider 'structure(list(), *)' instead.
5: In structure(NULL, class = "waiver") :
  Calling 'structure(NULL, *)' is deprecated, as NULL cannot have attributes.
  Consider 'structure(list(), *)' instead.
There were 14 warnings (use warnings() to see them)
