Sequence 		tRNA   	Bounds 	tRNA	Anti	Intron Bounds	Inf	      
Name     	tRNA #	Begin  	End    	Type	Codon	Begin	End	Score	Note
-------- 	------	-----  	------ 	----	-----	-----	----	------	------
unitig_0 	1	905992 	906068 	Arg	CCT	0	0	77.7	
unitig_0 	2	1157384	1157458	Arg	CCG	0	0	77.8	
unitig_0 	3	1171709	1171798	Undet	NNN	0	0	21.7	pseudo
unitig_0 	4	1171814	1171889	Thr	CGT	0	0	91.5	
unitig_0 	5	1405987	1406063	Arg	ACG	0	0	78.9	
unitig_0 	6	1408058	1408144	Leu	GAG	0	0	64.7	
unitig_0 	7	1408148	1408221	Gly	TCC	0	0	88.5	
unitig_0 	8	1408230	1408305	Thr	GGT	0	0	76.2	
unitig_0 	9	1408312	1408388	Glu	TTC	0	0	77.0	
unitig_0 	10	1408394	1408470	Asp	GTC	0	0	78.8	
unitig_0 	11	1408484	1408559	His	GTG	0	0	74.7	
unitig_0 	12	1408563	1408637	Gly	GCC	0	0	89.5	
unitig_0 	13	1412557	1412632	Ala	TGC	0	0	88.9	
unitig_0 	14	1416284	1416376	Ser	GGA	0	0	87.2	
unitig_0 	15	1416385	1416460	Phe	GAA	0	0	84.1	
unitig_0 	16	1416464	1416539	Thr	TGT	0	0	87.0	
unitig_0 	17	1416544	1416617	Trp	CCA	0	0	75.4	
unitig_0 	18	1417101	1417174	Cys	GCA	0	0	79.1	
unitig_0 	19	1417181	1417269	Leu	CAG	0	0	66.0	
unitig_0 	20	1417279	1417355	Arg	ACG	0	0	78.9	
unitig_0 	21	1754370	1754443	Gly	CCC	0	0	86.2	
unitig_0 	22	1777172	1777248	fMet	CAT	0	0	81.7	
unitig_0 	23	1777254	1777330	Asp	GTC	0	0	78.8	
unitig_0 	24	1777339	1777414	Ile2	CAT	0	0	88.0	
unitig_0 	25	1777453	1777527	Val	GAC	0	0	80.3	
unitig_0 	26	2350336	2350260	Pro	GGG	0	0	72.3	
unitig_0 	27	1762305	1762231	Gln	TTG	0	0	82.6	
unitig_0 	28	1211727	1211652	Ala	GGC	0	0	75.8	
unitig_0 	29	916998 	916909 	Ser	TGA	0	0	82.7	
unitig_0 	30	897235 	897145 	Ser	CGA	0	0	86.1	
unitig_0 	31	855687 	855611 	Ile	GAT	0	0	86.1	
unitig_0 	32	855598 	855523 	Ala	TGC	0	0	88.9	
unitig_0 	33	815800 	815724 	fMet	CAT	0	0	81.7	
unitig_0 	34	815715 	815639 	Met	CAT	0	0	72.1	
unitig_0 	35	711026 	710950 	Ile	GAT	0	0	86.1	
unitig_0 	36	710937 	710862 	Ala	TGC	0	0	88.9	
unitig_0 	37	707686 	707612 	Asn	GTT	0	0	80.0	
unitig_0 	38	707605 	707530 	Thr	GGT	0	0	75.0	
unitig_0 	39	707524 	707448 	Glu	TTC	0	0	76.0	
unitig_0 	40	707443 	707368 	Val	TAC	0	0	85.2	
unitig_0 	41	707362 	707278 	Tyr	GTA	0	0	73.1	
unitig_0 	42	707261 	707187 	Gln	TTG	0	0	81.6	
unitig_0 	43	707180 	707105 	Lys	TTT	0	0	90.6	
unitig_0 	44	707098 	707024 	Gly	GCC	0	0	89.5	
unitig_0 	45	707020 	706947 	Gly	TCC	0	0	88.5	
unitig_0 	46	706937 	706863 	Asn	GTT	0	0	80.0	
unitig_0 	47	706847 	706771 	Glu	TTC	0	0	77.0	
unitig_0 	48	706766 	706691 	Val	TAC	0	0	85.2	
unitig_0 	49	706685 	706601 	Tyr	GTA	0	0	73.1	
unitig_0 	50	706584 	706510 	Gln	TTG	0	0	81.6	
unitig_0 	51	706503 	706428 	Lys	TTT	0	0	90.6	
unitig_0 	52	706421 	706347 	Gly	GCC	0	0	89.5	
unitig_0 	53	665975 	665901 	Asn	GTT	0	0	80.0	
unitig_0 	54	665897 	665804 	Ser	GCT	0	0	87.5	
unitig_0 	55	665796 	665720 	Glu	TTC	0	0	76.0	
unitig_0 	56	665715 	665640 	Val	TAC	0	0	85.2	
unitig_0 	57	665622 	665546 	Asp	GTC	0	0	78.8	
unitig_0 	58	665533 	665458 	His	GTG	0	0	74.7	
unitig_0 	59	665453 	665379 	Gln	TTG	0	0	81.6	
unitig_0 	60	665368 	665293 	Lys	TTT	0	0	90.6	
unitig_0 	61	665138 	665054 	Leu	TAG	0	0	69.5	
unitig_0 	62	665041 	664955 	Leu	GAG	0	0	63.5	
unitig_0 	63	664936 	664860 	Pro	CGG	0	0	82.7	
unitig_0 	64	664848 	664775 	Gly	TCC	0	0	88.5	
unitig_0 	65	604848 	604772 	Arg	ACG	0	0	78.9	
unitig_0 	66	420000 	419915 	Leu	CAA	0	0	73.7	
unitig_0 	67	419909 	419820 	Leu	TAA	0	0	76.2	
unitig_0 	68	380186 	380101 	Leu	CAA	0	0	73.7	
unitig_0 	69	379492 	379416 	Pro	TGG	0	0	85.1	
unitig_0 	70	379410 	379334 	Pro	TGG	0	0	86.9	
unitig_0 	71	199163 	199088 	Phe	GAA	0	0	81.6	
unitig_0 	72	199080 	198991 	Leu	TAA	0	0	78.6	
unitig_0 	73	37914  	37838  	Arg	TCT	0	0	83.9	
